142766,102128.37,2.53,2.01,8.83,0.79,-0.01,-0.17,0.59
142866,102142.95,2.51,2.03,8.97,0.79,-0.0,-0.18,0.59
142916,102132.85,2.55,2.01,9.03,0.79,-0.0,-0.18,0.59
142966,102136.23,2.65,2.00,9.10,0.79,-0.0,-0.18,0.59
143015,102146.28,2.62,1.99,9.03,0.79,-0.0,-0.18,0.59
143115,102137.33,2.67,2.09,8.96,0.79,-0.01,-0.17,0.59
143165,102128.37,2.63,2.09,8.94,0.79,-0.01,-0.17,0.59
143215,102140.66,2.58,2.18,8.82,0.79,-0.01,-0.17,0.59
143265,102137.33,2.47,2.18,8.85,0.79,-0.01,-0.17,0.59
143365,102145.18,2.52,2.09,8.91,0.79,-0.01,-0.17,0.59
143415,102136.18,2.59,2.06,9.04,0.79,-0.01,-0.17,0.59
143465,102131.75,2.51,2.01,9.05,0.79,-0.01,-0.17,0.59
143515,102131.75,2.47,1.99,9.01,0.79,-0.01,-0.17,0.59
143663,102136.18,2.29,1.94,8.84,0.79,-0.02,-0.16,0.59
143712,102130.61,2.28,2.03,8.90,0.79,-0.02,-0.16,0.59
143762,102139.52,2.32,2.03,8.74,0.79,-0.02,-0.16,0.59
143812,102130.61,2.33,2.00,8.91,0.79,-0.02,-0.16,0.59
143912,102126.13,2.34,2.01,8.98,0.79,-0.02,-0.16,0.59
143962,102129.46,2.40,2.04,8.96,0.79,-0.02,-0.16,0.59
144012,102136.18,2.38,2.07,9.10,0.79,-0.02,-0.16,0.59
144062,102131.70,2.32,2.03,9.03,0.79,-0.02,-0.16,0.59
144162,102127.27,2.36,2.12,8.88,0.79,-0.02,-0.16,0.59
144212,102130.56,2.55,2.28,8.48,0.79,-0.02,-0.16,0.59
144262,102120.55,2.34,1.93,9.34,0.79,-0.02,-0.16,0.59
144312,102123.89,1.95,1.78,9.20,0.79,-0.02,-0.16,0.59
144412,102124.99,2.05,2.09,8.93,0.79,-0.02,-0.17,0.59
144462,102123.89,2.20,2.14,8.93,0.79,-0.02,-0.17,0.59
144512,102123.89,2.32,2.17,8.91,0.79,-0.03,-0.16,0.59
144562,102122.75,2.17,2.09,9.00,0.79,-0.02,-0.17,0.59
144662,102129.46,2.36,2.10,9.07,0.79,-0.02,-0.17,0.59
144712,102131.75,2.37,2.16,9.16,0.79,-0.02,-0.17,0.59
144762,102132.85,2.31,2.14,9.07,0.79,-0.02,-0.17,0.59
144812,102128.32,2.28,2.09,9.23,0.79,-0.02,-0.17,0.59
144912,102127.22,2.31,2.12,9.30,0.79,-0.02,-0.17,0.59
144962,102125.03,2.37,2.12,9.24,0.79,-0.02,-0.17,0.59
145012,102126.13,2.40,2.14,9.26,0.79,-0.02,-0.17,0.59
145062,102130.56,2.25,1.97,9.47,0.79,-0.01,-0.16,0.6
145162,102122.75,2.40,2.10,9.27,0.79,-0.01,-0.16,0.6
145212,102123.85,2.40,2.11,9.30,0.79,-0.01,-0.16,0.6
145262,102127.22,2.42,2.02,9.44,0.79,-0.01,-0.16,0.6
145312,102129.51,2.35,1.92,9.64,0.79,-0.01,-0.16,0.6
145412,102131.70,2.51,1.83,9.84,0.79,-0.01,-0.16,0.6
145462,102128.37,2.45,1.84,9.71,0.79,-0.01,-0.16,0.6
145512,102128.32,2.64,1.89,9.77,0.79,-0.0,-0.17,0.6
145562,102128.37,2.77,1.95,9.53,0.79,-0.0,-0.17,0.6
145662,102119.41,2.69,1.79,9.81,0.79,-0.0,-0.17,0.6
145712,102123.85,2.66,1.81,9.74,0.79,-0.0,-0.15,0.6
145762,102126.13,2.55,1.69,9.83,0.78,0.0,-0.15,0.61
145812,102126.08,2.56,1.65,9.84,0.78,0.0,-0.15,0.61
145912,102120.46,2.71,1.65,9.86,0.79,0.01,-0.16,0.6
145962,102124.99,2.57,1.63,9.79,0.79,0.01,-0.16,0.6
146012,102124.99,2.61,1.56,9.86,0.78,0.01,-0.16,0.61
146062,102116.03,2.64,1.52,9.96,0.78,0.01,-0.16,0.61
146162,102127.22,2.62,1.52,10.06,0.78,0.01,-0.16,0.61
146212,102120.51,2.65,1.62,9.97,0.78,0.01,-0.16,0.61
146262,102116.03,2.68,1.73,9.81,0.78,0.01,-0.16,0.6
146312,102122.70,2.73,1.75,9.75,0.78,0.01,-0.16,0.6
146411,102117.13,2.68,1.75,9.63,0.78,0.01,-0.16,0.6
146461,102121.61,2.93,1.81,9.23,0.78,0.01,-0.16,0.6
146511,102117.13,2.85,1.72,10.21,0.78,0.01,-0.16,0.6
146561,102114.89,2.24,1.59,10.27,0.78,0.01,-0.16,0.6
146661,102114.89,2.72,1.90,9.44,0.78,-0.0,-0.17,0.6
146711,102113.74,2.45,1.90,9.50,0.78,-0.01,-0.16,0.6
146761,102116.03,2.62,2.02,9.27,0.78,0.0,-0.15,0.61
146811,102112.65,2.50,1.80,9.73,0.78,0.0,-0.15,0.61
146911,102109.26,2.28,1.82,9.01,0.78,-0.01,-0.16,0.6
146961,102112.65,2.52,1.93,9.07,0.78,-0.01,-0.16,0.6
147011,102112.65,2.40,1.99,9.23,0.78,-0.01,-0.16,0.6
147061,102103.69,2.34,1.93,9.16,0.78,-0.01,-0.16,0.6
147161,102111.50,2.23,1.83,9.07,0.78,-0.01,-0.15,0.61
147211,102112.65,2.38,1.91,9.04,0.78,-0.01,-0.15,0.61
147261,102109.26,2.00,1.65,9.53,0.78,-0.01,-0.15,0.61
147311,102104.78,2.04,1.73,8.88,0.78,-0.01,-0.15,0.61
147410,102111.50,2.03,1.98,8.99,0.78,-0.01,-0.15,0.61
147461,102102.55,2.05,1.99,8.77,0.78,-0.01,-0.15,0.61
147511,102103.69,2.09,1.84,8.80,0.78,-0.01,-0.15,0.61
147560,102101.45,2.30,1.73,9.02,0.78,-0.01,-0.15,0.61
147708,102096.97,2.08,1.99,8.78,0.78,-0.01,-0.15,0.61
147755,102101.41,2.06,1.96,9.04,0.78,-0.01,-0.15,0.61
147804,102101.45,2.10,1.80,9.10,0.78,-0.01,-0.15,0.61
147856,102095.83,2.23,1.76,9.14,0.78,-0.0,-0.15,0.61
147957,102088.01,2.34,1.79,9.44,0.78,-0.0,-0.15,0.61
148006,102095.83,2.26,1.73,9.25,0.78,-0.0,-0.15,0.61
148057,102095.83,2.11,1.74,8.92,0.78,-0.0,-0.15,0.61
148107,102089.11,2.10,1.71,9.18,0.78,-0.0,-0.15,0.61
148207,102085.77,2.05,1.74,9.07,0.78,-0.0,-0.15,0.61
148257,102093.59,2.12,1.74,8.83,0.78,-0.0,-0.15,0.61
148307,102100.31,2.25,1.67,9.08,0.78,-0.0,-0.15,0.61
148357,102083.53,2.42,1.65,9.31,0.78,-0.0,-0.15,0.61
148457,102086.87,2.06,1.64,8.89,0.79,-0.01,-0.15,0.6
148507,102086.87,2.06,1.65,9.00,0.79,-0.01,-0.14,0.6
148557,102091.35,2.01,1.45,9.04,0.79,-0.01,-0.14,0.6
148607,102086.87,2.03,1.65,9.34,0.79,-0.01,-0.14,0.6
148707,102084.63,2.25,1.49,9.23,0.79,-0.01,-0.15,0.6
148757,102076.81,2.02,1.39,9.09,0.79,-0.01,-0.15,0.6
148807,102080.15,2.05,1.57,9.13,0.79,-0.01,-0.14,0.6
148857,102076.77,2.08,1.75,9.13,0.79,-0.01,-0.14,0.6
148957,102082.35,2.01,1.84,8.91,0.78,-0.01,-0.14,0.61
149007,102083.49,2.12,1.88,9.01,0.78,-0.01,-0.14,0.61
149057,102072.29,2.05,1.83,9.02,0.78,-0.02,-0.15,0.61
149107,102077.87,2.00,1.86,9.03,0.78,-0.02,-0.15,0.61
149207,102076.77,1.78,1.81,8.84,0.79,-0.02,-0.15,0.6
149257,102076.77,1.84,1.77,8.97,0.79,-0.02,-0.15,0.6
149307,102073.39,2.08,1.78,9.16,0.79,-0.02,-0.15,0.6
149357,102076.77,2.09,1.79,9.20,0.79,-0.02,-0.15,0.6
149457,102071.19,1.93,1.88,9.05,0.79,-0.02,-0.15,0.6
149507,102070.05,1.98,1.89,9.05,0.79,-0.02,-0.15,0.6
149557,102072.29,2.00,1.85,9.05,0.79,-0.02,-0.15,0.6
149607,102062.23,2.08,1.84,9.17,0.79,-0.02,-0.15,0.6
149707,102071.15,1.90,1.95,8.94,0.79,-0.02,-0.15,0.6
149757,102064.47,1.94,1.97,9.02,0.79,-0.02,-0.15,0.6
149807,102062.23,2.03,1.89,9.09,0.79,-0.02,-0.15,0.6
149857,102062.23,2.06,1.87,9.11,0.79,-0.02,-0.15,0.6
149957,102061.09,1.93,1.95,8.91,0.79,-0.02,-0.15,0.6
150007,102056.61,1.94,1.84,8.88,0.79,-0.02,-0.15,0.6
150057,102071.15,2.06,1.78,9.14,0.79,-0.02,-0.15,0.6
150107,102058.85,2.11,1.74,9.18,0.79,-0.02,-0.15,0.6
150207,102055.47,2.06,1.88,9.09,0.79,-0.02,-0.15,0.6
150257,102063.29,1.97,1.94,9.10,0.79,-0.02,-0.15,0.6
150307,102056.61,1.94,1.92,9.00,0.79,-0.02,-0.15,0.6
150357,102061.05,2.15,1.89,9.13,0.79,-0.02,-0.15,0.6
150456,102052.13,2.10,1.78,9.17,0.79,-0.02,-0.15,0.6
150506,102052.09,2.02,1.78,8.97,0.79,-0.02,-0.15,0.6
150556,102048.75,2.00,1.83,8.94,0.79,-0.02,-0.15,0.6
150606,102055.47,1.92,1.79,9.11,0.79,-0.02,-0.15,0.59
150706,102046.51,1.99,1.69,9.20,0.79,-0.02,-0.15,0.59
150756,102040.94,1.92,1.67,9.16,0.79,-0.02,-0.15,0.59
150806,102047.61,1.94,1.78,9.10,0.79,-0.02,-0.15,0.59
150856,102043.13,1.97,1.81,8.98,0.79,-0.02,-0.15,0.59
150956,102044.27,2.03,1.76,9.04,0.79,-0.02,-0.15,0.59
151006,102041.99,2.02,1.74,9.08,0.79,-0.02,-0.15,0.59
151056,102039.80,1.99,1.80,9.03,0.79,-0.02,-0.15,0.59
151106,102043.18,1.94,1.86,9.08,0.79,-0.02,-0.15,0.59
151206,102036.46,1.97,1.81,9.10,0.79,-0.02,-0.15,0.59
151256,102043.13,1.96,1.81,9.06,0.79,-0.02,-0.15,0.59
151305,102038.70,2.00,1.75,9.07,0.79,-0.02,-0.15,0.59
151356,102038.65,2.14,1.78,9.17,0.79,-0.02,-0.15,0.59
151455,102029.69,2.00,1.89,8.95,0.79,-0.02,-0.15,0.59
151505,102038.70,1.92,1.86,8.91,0.79,-0.02,-0.15,0.59
151555,102039.75,1.97,1.79,9.00,0.79,-0.02,-0.15,0.59
151605,102034.22,2.04,1.86,9.00,0.79,-0.02,-0.15,0.59
151753,102031.93,1.96,1.92,9.17,0.79,-0.02,-0.15,0.59
151802,102027.45,2.10,1.92,8.99,0.79,-0.02,-0.15,0.59
151852,102030.84,2.06,1.84,9.12,0.79,-0.02,-0.15,0.59
151902,102027.45,2.14,1.86,9.10,0.79,-0.02,-0.15,0.59
152002,102020.73,2.05,1.81,9.05,0.79,-0.02,-0.15,0.59
152052,102027.45,1.95,1.76,9.09,0.79,-0.02,-0.15,0.59
152102,102024.07,2.04,1.76,9.14,0.79,-0.02,-0.15,0.59
152152,102027.45,2.07,1.78,9.12,0.79,-0.02,-0.15,0.59
152252,102020.73,1.99,1.89,9.04,0.79,-0.02,-0.15,0.59
152302,102018.49,1.94,2.04,9.24,0.79,-0.02,-0.15,0.59
152352,102021.88,2.12,2.08,9.00,0.79,-0.03,-0.15,0.59
152402,102021.83,2.12,2.05,9.05,0.79,-0.03,-0.15,0.59
152502,102012.87,2.03,1.90,8.86,0.8,-0.03,-0.15,0.59
152552,102019.64,1.92,1.80,8.79,0.8,-0.03,-0.14,0.59
152602,102018.49,1.96,1.70,9.01,0.8,-0.03,-0.14,0.59
152652,102017.35,1.90,1.58,9.07,0.8,-0.03,-0.14,0.59
152752,102012.87,1.96,1.79,8.99,0.8,-0.03,-0.15,0.59
152802,102016.21,1.96,1.94,9.05,0.79,-0.03,-0.15,0.59
152852,102015.16,2.06,2.03,9.17,0.79,-0.03,-0.15,0.59
152902,102010.68,2.10,2.03,9.10,0.79,-0.03,-0.15,0.59
153002,102007.25,2.09,2.00,9.10,0.79,-0.03,-0.15,0.59
153052,102010.68,2.00,1.99,9.05,0.79,-0.03,-0.15,0.59
153102,102007.25,2.03,2.05,8.90,0.79,-0.03,-0.15,0.59
153152,102005.06,1.95,2.05,8.92,0.79,-0.03,-0.15,0.59
153252,102011.73,2.01,2.04,9.05,0.79,-0.03,-0.15,0.59
153302,102003.92,2.00,2.01,9.11,0.79,-0.03,-0.15,0.59
153352,102011.73,2.00,1.99,9.13,0.79,-0.03,-0.15,0.59
153402,102000.58,1.94,2.05,9.16,0.79,-0.03,-0.15,0.59
153502,101998.34,1.96,2.02,9.04,0.79,-0.03,-0.15,0.59
153552,102006.16,2.05,1.94,9.12,0.79,-0.03,-0.15,0.59
153602,101999.44,1.94,1.86,9.19,0.79,-0.03,-0.14,0.59
153652,101992.72,1.90,1.85,8.91,0.8,-0.03,-0.14,0.59
153752,101991.62,1.88,1.76,8.73,0.8,-0.03,-0.14,0.59
153802,101990.52,2.06,1.93,8.90,0.8,-0.03,-0.15,0.59
153852,102006.16,2.02,2.05,9.05,0.8,-0.03,-0.15,0.59
153902,101998.29,2.00,2.16,9.12,0.8,-0.03,-0.15,0.59
154002,101992.72,2.05,2.17,9.38,0.8,-0.03,-0.15,0.59
154052,101992.72,2.16,2.17,9.18,0.8,-0.03,-0.15,0.59
154102,101991.62,2.31,2.11,9.20,0.8,-0.03,-0.15,0.59
154152,101988.24,2.28,2.07,9.02,0.8,-0.03,-0.15,0.59
154251,101987.14,1.86,2.00,8.77,0.79,-0.03,-0.14,0.59
154301,101987.09,1.80,2.01,8.70,0.79,-0.03,-0.14,0.59
154351,101990.43,1.83,2.00,8.79,0.79,-0.03,-0.14,0.59
154401,101978.18,1.94,1.95,9.03,0.8,-0.03,-0.14,0.59
154501,101973.70,1.94,1.77,9.28,0.8,-0.02,-0.15,0.59
154551,101986.05,1.94,1.72,9.26,0.8,-0.02,-0.15,0.59
154601,101983.76,1.89,1.63,9.28,0.8,-0.02,-0.15,0.59
154651,101986.00,1.93,1.72,9.08,0.8,-0.02,-0.15,0.59
154751,101974.80,1.97,1.81,8.91,0.8,-0.02,-0.15,0.59
154801,101974.80,2.05,1.84,8.98,0.8,-0.02,-0.15,0.59
154851,101979.28,2.10,1.78,8.94,0.8,-0.02,-0.15,0.59
154901,101971.46,2.05,1.71,9.07,0.8,-0.02,-0.15,0.59
155001,101973.70,2.03,1.70,9.13,0.8,-0.02,-0.15,0.59
155051,101971.42,2.01,1.70,9.06,0.8,-0.02,-0.15,0.59
155100,101971.42,2.14,1.75,8.95,0.8,-0.02,-0.15,0.59
155150,101969.22,2.03,1.79,9.18,0.8,-0.02,-0.15,0.59
155250,101969.22,2.24,1.70,9.11,0.8,-0.02,-0.15,0.59
155300,101966.94,2.16,1.76,8.91,0.8,-0.02,-0.15,0.59
155350,101972.56,2.14,1.76,9.18,0.79,-0.01,-0.15,0.59
155400,101968.13,2.08,1.81,9.11,0.79,-0.01,-0.15,0.59
155500,101962.50,2.02,2.03,8.75,0.79,-0.02,-0.15,0.59
155550,101966.98,1.95,1.83,8.43,0.79,-0.02,-0.15,0.59
155600,101964.74,1.67,1.56,8.83,0.79,-0.02,-0.15,0.59
155650,101959.17,1.82,1.62,9.02,0.79,-0.02,-0.13,0.6
155790,101963.65,1.77,1.80,8.65,0.8,-0.03,-0.14,0.59
155840,101961.36,1.80,1.81,8.49,0.8,-0.03,-0.14,0.59
155890,101960.27,1.88,1.90,8.31,0.79,-0.04,-0.14,0.59
155940,101956.88,1.94,1.92,8.38,0.79,-0.04,-0.14,0.59
156040,101958.03,1.75,1.88,8.32,0.79,-0.04,-0.14,0.59
156089,101955.79,1.63,2.03,8.15,0.79,-0.04,-0.14,0.59
156139,101953.55,1.59,2.19,8.09,0.79,-0.04,-0.14,0.6
156189,101959.12,1.56,2.25,8.20,0.79,-0.04,-0.14,0.6
156289,101955.74,1.90,2.12,8.77,0.79,-0.03,-0.14,0.6
156339,101945.69,1.99,2.05,8.86,0.79,-0.02,-0.15,0.6
156389,101956.88,1.83,1.92,8.69,0.79,-0.03,-0.15,0.59
156439,101949.07,1.67,1.81,8.66,0.79,-0.03,-0.14,0.59
156539,101944.59,1.73,1.62,8.47,0.79,-0.02,-0.14,0.59
156589,101947.93,1.77,1.63,8.47,0.79,-0.02,-0.14,0.59
156639,101945.69,1.71,1.64,8.45,0.79,-0.04,-0.14,0.59
156689,101947.93,1.62,1.74,8.33,0.79,-0.04,-0.14,0.59
156789,101945.69,1.57,1.97,8.30,0.79,-0.04,-0.14,0.59
156839,101950.17,1.58,1.88,8.26,0.79,-0.04,-0.14,0.59
156889,101946.78,1.48,1.91,8.39,0.79,-0.04,-0.14,0.59
156939,101944.59,1.66,1.92,8.40,0.79,-0.04,-0.14,0.59
157039,101946.78,1.57,1.97,8.51,0.79,-0.04,-0.14,0.59
157089,101950.12,1.72,1.89,8.58,0.79,-0.04,-0.14,0.59
157139,101945.69,1.83,1.86,8.62,0.79,-0.04,-0.14,0.59
157189,101945.69,1.77,1.91,8.48,0.79,-0.04,-0.14,0.59
157289,101947.93,1.71,2.02,8.44,0.79,-0.04,-0.14,0.59
157339,101947.88,1.69,2.04,8.42,0.79,-0.04,-0.14,0.59
157389,101944.54,1.58,2.03,8.49,0.79,-0.04,-0.14,0.59
157439,101941.21,1.51,2.06,8.55,0.8,-0.04,-0.15,0.59
157539,101945.69,1.75,1.92,8.56,0.8,-0.04,-0.15,0.59
157589,101943.45,1.72,1.97,8.49,0.8,-0.03,-0.14,0.59
157639,101949.02,1.62,1.97,8.56,0.8,-0.03,-0.14,0.59
157689,101941.21,1.72,1.94,8.74,0.8,-0.03,-0.14,0.59
157789,101943.45,1.76,1.90,8.70,0.8,-0.04,-0.15,0.59
157839,101947.88,2.09,1.98,8.85,0.8,-0.03,-0.16,0.58
157889,101945.64,2.31,1.97,8.95,0.8,-0.03,-0.16,0.58
157939,101940.06,2.18,1.91,8.87,0.8,-0.03,-0.16,0.58
158039,101941.25,1.98,2.02,8.86,0.8,-0.03,-0.16,0.58
158089,101936.73,2.05,2.05,8.80,0.8,-0.03,-0.16,0.58
158139,101944.54,2.08,2.04,8.86,0.8,-0.03,-0.16,0.58
158189,101942.30,2.08,1.93,8.86,0.8,-0.03,-0.16,0.58
158289,101950.17,1.99,2.06,8.79,0.79,-0.03,-0.16,0.59
158339,101937.82,2.03,2.12,8.80,0.79,-0.03,-0.16,0.59
158389,101940.06,2.15,2.11,8.90,0.79,-0.03,-0.16,0.59
158439,101941.21,2.18,2.07,8.93,0.79,-0.03,-0.16,0.59
158539,101938.92,2.25,2.14,8.96,0.79,-0.03,-0.16,0.59
158589,101944.54,2.31,2.16,9.08,0.79,-0.03,-0.16,0.59
158639,101942.30,2.17,2.10,9.18,0.79,-0.03,-0.16,0.59
158689,101941.16,2.19,2.02,9.11,0.79,-0.03,-0.16,0.59
158789,101942.30,2.17,2.03,8.92,0.79,-0.03,-0.16,0.59
158839,101946.78,2.17,2.08,8.93,0.79,-0.03,-0.16,0.59
158889,101947.93,2.12,2.12,8.96,0.79,-0.03,-0.16,0.59
158939,101943.45,2.08,2.10,8.87,0.79,-0.03,-0.16,0.59
159039,101944.49,1.89,2.10,8.67,0.79,-0.03,-0.16,0.59
159089,101938.97,2.02,2.12,8.80,0.79,-0.03,-0.16,0.59
159139,101945.64,2.27,2.13,9.06,0.79,-0.03,-0.16,0.59
159189,101947.88,2.26,2.06,9.12,0.79,-0.03,-0.16,0.59
159289,101942.25,1.99,2.13,8.98,0.79,-0.03,-0.16,0.59
159339,101940.06,2.11,2.19,8.89,0.79,-0.03,-0.16,0.59
159389,101944.54,2.22,2.20,8.98,0.79,-0.03,-0.16,0.59
159439,101933.34,2.23,2.12,9.19,0.79,-0.03,-0.16,0.59
159540,101947.93,2.05,1.95,9.12,0.79,-0.03,-0.16,0.59
159589,101952.36,2.13,2.07,8.99,0.79,-0.03,-0.16,0.59
159641,101949.02,2.28,2.13,8.97,0.79,-0.03,-0.16,0.59
159689,101943.40,2.27,2.12,9.09,0.79,-0.03,-0.16,0.59
159835,101951.26,2.11,2.04,8.85,0.79,-0.03,-0.16,0.59
159885,101946.78,2.11,2.15,8.80,0.79,-0.03,-0.16,0.59
159935,101952.36,2.30,2.03,8.94,0.79,-0.03,-0.16,0.59
159985,101946.78,2.29,1.93,9.17,0.79,-0.03,-0.16,0.59
160085,101944.54,2.13,2.00,9.04,0.8,-0.03,-0.16,0.58
160135,101949.02,2.19,2.11,9.05,0.79,-0.02,-0.16,0.59
160185,101946.78,2.22,2.04,9.06,0.79,-0.02,-0.16,0.59
160235,101947.93,2.18,1.97,9.10,0.79,-0.02,-0.16,0.59
160334,101952.36,2.19,2.01,8.99,0.79,-0.02,-0.16,0.59
160384,101946.78,2.17,2.08,8.90,0.79,-0.02,-0.16,0.59
160434,101951.26,2.20,2.08,8.96,0.79,-0.02,-0.16,0.59
160484,101945.69,2.14,2.02,9.07,0.79,-0.02,-0.16,0.59
160584,101942.35,2.23,2.04,9.02,0.79,-0.02,-0.16,0.59
160634,101949.07,2.24,2.05,8.94,0.79,-0.03,-0.16,0.59
160684,101950.17,2.21,2.09,9.01,0.79,-0.03,-0.16,0.59
160734,101943.45,2.20,2.07,9.05,0.79,-0.02,-0.16,0.59
160834,101942.30,2.06,2.00,8.96,0.79,-0.02,-0.16,0.59
160884,101941.21,2.20,2.05,9.00,0.79,-0.02,-0.16,0.59
160934,101951.26,2.14,2.03,9.02,0.79,-0.02,-0.16,0.59
160984,101950.12,2.21,2.03,9.02,0.79,-0.02,-0.16,0.59
161084,101954.64,2.15,2.04,9.04,0.79,-0.03,-0.16,0.59
161134,101945.64,2.28,2.03,8.99,0.79,-0.02,-0.16,0.59
161184,101951.21,2.24,2.00,9.04,0.79,-0.02,-0.16,0.59
161234,101949.02,2.22,2.03,9.07,0.79,-0.02,-0.16,0.59
161334,101942.30,2.13,2.12,8.98,0.79,-0.03,-0.16,0.59
161384,101946.73,2.15,2.12,8.97,0.79,-0.03,-0.16,0.59
161434,101944.54,2.29,2.11,8.91,0.79,-0.03,-0.16,0.59
161484,101949.02,2.39,1.97,8.99,0.79,-0.03,-0.16,0.59
161583,101952.36,2.49,1.64,9.08,0.8,-0.02,-0.16,0.58
161633,101947.93,2.03,1.63,8.97,0.8,-0.02,-0.16,0.58
161683,101946.78,1.93,1.92,8.83,0.8,-0.02,-0.16,0.58
161733,101949.02,2.01,2.06,8.88,0.8,-0.03,-0.15,0.59
161833,101945.69,2.11,1.97,9.04,0.8,-0.02,-0.16,0.58
161883,101954.64,2.31,2.07,9.07,0.79,-0.02,-0.16,0.59
161933,101946.78,2.38,2.12,9.06,0.79,-0.02,-0.16,0.59
161983,101946.78,2.30,2.19,9.13,0.79,-0.02,-0.16,0.59
162083,101954.60,2.31,2.10,9.06,0.79,-0.02,-0.16,0.59
162133,101946.78,2.26,2.09,8.92,0.79,-0.03,-0.16,0.59
162183,101950.17,2.19,2.20,8.79,0.79,-0.03,-0.16,0.59
162233,101942.30,2.17,2.09,8.76,0.8,-0.03,-0.16,0.58
162333,101944.54,2.10,1.96,8.76,0.8,-0.03,-0.16,0.58
162383,101945.64,2.12,2.01,8.78,0.8,-0.03,-0.16,0.58
162433,101954.60,2.25,2.03,9.03,0.8,-0.02,-0.16,0.58
162483,101945.69,2.21,1.90,9.27,0.8,-0.02,-0.16,0.58
162583,101949.02,2.59,1.85,9.33,0.8,-0.02,-0.16,0.58
162633,101945.64,2.44,1.98,9.21,0.79,-0.02,-0.16,0.59
162683,101947.88,2.28,2.13,8.85,0.79,-0.02,-0.16,0.59
162733,101936.73,2.21,2.18,8.76,0.79,-0.02,-0.17,0.59
162833,101943.45,2.29,1.92,8.91,0.79,-0.02,-0.16,0.59
162883,101946.83,2.26,1.72,9.11,0.79,-0.01,-0.16,0.59
162933,101943.45,2.44,1.66,9.15,0.79,-0.01,-0.16,0.59
162983,101944.59,2.42,1.42,9.14,0.79,-0.01,-0.15,0.6
163083,101951.31,2.22,1.55,9.01,0.79,-0.01,-0.15,0.6
163133,101950.17,2.13,1.83,8.79,0.79,-0.01,-0.15,0.6
163183,101943.45,2.00,1.91,8.81,0.79,-0.01,-0.15,0.6
163233,101945.69,1.89,1.78,8.85,0.79,-0.01,-0.15,0.6
163333,101952.40,2.47,1.50,8.84,0.79,-0.01,-0.15,0.6
163383,101951.26,2.31,1.71,9.06,0.79,-0.01,-0.15,0.6
163433,101945.69,2.28,1.81,9.26,0.79,-0.01,-0.15,0.6
163483,101944.59,1.92,1.59,9.33,0.79,-0.01,-0.15,0.6
163583,101947.93,2.06,1.41,9.30,0.79,-0.01,-0.15,0.59
163633,101954.69,2.28,1.48,9.23,0.79,-0.01,-0.15,0.59
163683,101949.07,2.14,1.60,9.12,0.79,-0.01,-0.15,0.59
163733,101954.64,1.91,1.62,9.05,0.79,-0.01,-0.15,0.59
163880,101953.55,2.21,1.73,9.04,0.79,-0.01,-0.15,0.59
163930,101942.35,2.16,1.76,8.83,0.79,-0.01,-0.15,0.59
163980,101946.83,2.11,1.75,8.96,0.79,-0.01,-0.15,0.59
164030,101950.17,2.13,1.70,9.09,0.79,-0.01,-0.15,0.59
164130,101952.45,2.22,1.62,9.19,0.8,-0.01,-0.15,0.59
164180,101943.45,2.15,1.58,9.10,0.8,-0.01,-0.15,0.59
164230,101953.55,2.16,1.63,9.05,0.8,-0.01,-0.15,0.59
164280,101951.26,2.11,1.65,8.95,0.8,-0.01,-0.15,0.59
164380,101949.07,2.12,1.61,9.04,0.8,-0.01,-0.15,0.59
164430,101946.83,2.20,1.59,9.02,0.8,-0.01,-0.15,0.59
164480,101949.07,2.18,1.59,8.98,0.8,-0.01,-0.15,0.59
164530,101947.93,2.24,1.62,9.05,0.8,-0.01,-0.15,0.59
164630,101946.83,2.13,1.67,8.97,0.8,-0.01,-0.15,0.59
164680,101950.17,2.21,1.69,8.95,0.8,-0.01,-0.15,0.59
164730,101946.83,2.18,1.61,9.02,0.8,-0.01,-0.15,0.59
164780,101949.07,2.20,1.65,9.00,0.8,-0.01,-0.15,0.59
164880,101950.17,2.23,1.66,8.91,0.8,-0.01,-0.15,0.59
164930,101944.59,2.21,1.64,8.94,0.8,-0.01,-0.15,0.59
164980,101945.69,2.32,1.64,9.03,0.8,-0.0,-0.15,0.59
165030,101947.93,2.38,1.61,9.12,0.8,-0.0,-0.15,0.59
165129,101951.31,2.36,1.67,9.08,0.8,-0.0,-0.15,0.59
165179,101949.07,2.38,1.71,9.13,0.8,-0.0,-0.15,0.59
165229,101947.97,2.41,1.66,9.07,0.8,-0.0,-0.15,0.59
165279,101943.45,2.40,1.67,9.04,0.8,-0.0,-0.15,0.59
165379,101944.59,2.37,1.67,9.04,0.8,-0.0,-0.15,0.59
165429,101946.83,2.31,1.69,8.97,0.8,-0.0,-0.15,0.59
165479,101943.49,2.27,1.70,8.92,0.8,-0.0,-0.15,0.59
165529,101943.45,2.33,1.65,8.94,0.8,-0.0,-0.15,0.59
165629,101941.25,2.41,1.68,9.08,0.8,-0.0,-0.15,0.59
165679,101939.02,2.24,1.66,8.98,0.8,-0.0,-0.15,0.59
165729,101943.49,2.26,1.64,8.90,0.8,-0.0,-0.15,0.59
165779,101946.83,2.22,1.68,8.97,0.8,-0.01,-0.15,0.59
165879,101944.59,2.37,1.68,9.01,0.8,-0.0,-0.15,0.59
165929,101942.40,2.41,1.61,9.05,0.8,-0.0,-0.15,0.59
165979,101941.25,2.38,1.63,8.99,0.8,-0.0,-0.15,0.59
166029,101944.59,2.32,1.68,8.91,0.8,-0.0,-0.15,0.59
166129,101945.69,2.37,1.69,9.05,0.8,-0.0,-0.15,0.59
166178,101944.59,2.41,1.66,9.03,0.8,-0.0,-0.15,0.59
166228,101940.11,2.43,1.70,9.12,0.8,-0.0,-0.15,0.59
166278,101946.83,2.38,1.71,9.04,0.8,-0.0,-0.15,0.59
166378,101942.40,2.25,1.69,9.02,0.8,-0.0,-0.15,0.59
166428,101939.02,2.37,1.72,8.97,0.8,-0.0,-0.15,0.59
166478,101953.55,2.38,1.76,9.04,0.8,-0.0,-0.15,0.59
166528,101949.07,2.30,1.72,8.94,0.8,-0.01,-0.16,0.58
166628,101944.59,2.46,1.70,9.00,0.8,-0.01,-0.16,0.58
166678,101941.25,2.44,1.70,8.99,0.8,-0.01,-0.16,0.58
166728,101940.06,2.38,1.71,8.96,0.8,-0.01,-0.16,0.58
166778,101938.97,2.20,1.70,8.95,0.8,-0.01,-0.16,0.58
166878,101937.82,2.14,1.78,8.72,0.8,-0.02,-0.15,0.59
166928,101943.45,2.12,1.69,8.51,0.8,-0.02,-0.15,0.59
166978,101941.21,2.12,1.68,8.28,0.8,-0.02,-0.15,0.59
167028,101943.45,2.00,1.72,8.28,0.8,-0.02,-0.15,0.59
167128,101938.97,1.91,1.67,8.11,0.8,-0.02,-0.15,0.59
167178,101941.25,1.94,1.64,8.16,0.8,-0.02,-0.15,0.59
167228,101936.73,1.87,1.68,8.25,0.8,-0.02,-0.15,0.59
167278,101942.35,1.86,1.69,8.13,0.8,-0.02,-0.15,0.59
167377,101938.97,1.89,1.68,8.28,0.8,-0.02,-0.15,0.59
167427,101938.97,1.83,1.69,8.26,0.8,-0.02,-0.15,0.59
167477,101944.54,1.85,1.69,8.24,0.8,-0.02,-0.15,0.59
167527,101944.54,1.84,1.66,8.26,0.8,-0.02,-0.15,0.59
167627,101942.30,1.73,1.67,8.29,0.8,-0.02,-0.15,0.59
167677,101947.88,1.74,1.69,8.15,0.8,-0.03,-0.14,0.59
167727,101942.30,1.96,1.71,8.23,0.8,-0.03,-0.14,0.59
167777,101941.16,1.83,1.66,8.19,0.8,-0.03,-0.14,0.59
167917,101945.64,1.57,1.65,8.06,0.8,-0.03,-0.14,0.59
167967,101946.78,1.75,1.68,8.13,0.8,-0.03,-0.14,0.59
168017,101944.54,1.87,1.72,8.16,0.8,-0.03,-0.14,0.59
168067,101950.12,1.82,1.72,8.26,0.8,-0.03,-0.14,0.59
168167,101946.78,1.69,1.70,8.25,0.8,-0.03,-0.14,0.59
168217,101947.93,1.75,1.73,8.31,0.8,-0.03,-0.14,0.59
168267,101950.12,1.85,1.69,8.31,0.8,-0.03,-0.14,0.59
168317,101950.12,1.80,1.67,8.35,0.8,-0.02,-0.15,0.59
168417,101946.78,1.80,1.61,8.46,0.8,-0.02,-0.15,0.59
168466,101952.36,1.82,1.68,8.45,0.8,-0.02,-0.15,0.59
168516,101952.36,1.83,1.72,8.50,0.8,-0.02,-0.15,0.59
168566,101955.74,1.88,1.74,8.55,0.8,-0.02,-0.15,0.59
168666,101955.74,1.99,1.69,8.79,0.8,-0.02,-0.15,0.59
168716,101959.08,1.97,1.72,8.72,0.8,-0.02,-0.15,0.59
168766,101956.79,2.01,1.74,8.70,0.8,-0.02,-0.15,0.59
168816,101953.50,2.03,1.75,8.72,0.8,-0.02,-0.15,0.59
168916,101959.08,2.08,1.71,8.98,0.8,-0.02,-0.15,0.59
168966,101955.69,2.17,1.69,9.00,0.8,-0.02,-0.15,0.59
169016,101959.08,2.20,1.79,8.99,0.8,-0.02,-0.15,0.59
169066,101960.22,2.11,1.75,9.01,0.8,-0.02,-0.15,0.59
169166,101960.22,2.21,1.77,9.06,0.8,-0.02,-0.15,0.59
169216,101966.84,2.16,1.74,9.01,0.8,-0.02,-0.15,0.59
169266,101972.51,2.23,1.77,9.05,0.8,-0.02,-0.15,0.59
169316,101969.13,2.19,1.73,9.11,0.8,-0.02,-0.15,0.59
169416,101971.37,2.18,1.74,9.12,0.8,-0.02,-0.15,0.59
169466,101968.03,2.20,1.74,9.00,0.8,-0.02,-0.15,0.59
169516,101972.47,2.14,1.75,8.98,0.8,-0.02,-0.15,0.59
169566,101968.03,2.12,1.75,9.02,0.8,-0.02,-0.15,0.59
169666,101976.95,2.21,1.74,9.06,0.8,-0.02,-0.15,0.59
169716,101970.27,2.22,1.71,9.10,0.8,-0.02,-0.15,0.59
169766,101975.85,2.11,1.68,9.01,0.8,-0.02,-0.15,0.59
169816,101972.51,2.05,1.75,9.00,0.8,-0.02,-0.15,0.59
169916,101981.47,2.18,1.67,9.02,0.8,-0.02,-0.15,0.59
169966,101979.23,2.21,1.69,9.07,0.8,-0.02,-0.15,0.59
170016,101983.71,2.13,1.75,9.04,0.8,-0.02,-0.15,0.59
170066,101981.47,2.09,1.75,9.00,0.8,-0.02,-0.15,0.59
170166,101989.29,2.13,1.68,9.08,0.8,-0.02,-0.15,0.59
170216,101981.47,2.27,1.69,9.11,0.8,-0.02,-0.15,0.59
170266,101984.85,2.21,1.70,9.03,0.8,-0.02,-0.15,0.59
170316,101983.71,2.22,1.78,9.01,0.8,-0.02,-0.15,0.59
170416,101982.61,2.06,1.67,9.05,0.8,-0.02,-0.15,0.59
170466,101991.53,2.17,1.74,9.11,0.8,-0.02,-0.15,0.59
170516,101988.19,2.20,1.78,8.99,0.8,-0.02,-0.15,0.59
170566,101992.62,2.18,1.77,8.95,0.8,-0.02,-0.15,0.59
170666,101991.53,2.15,1.71,9.09,0.8,-0.02,-0.15,0.59
170716,101992.62,2.19,1.74,9.01,0.8,-0.02,-0.15,0.59
170766,101991.57,2.11,1.69,8.91,0.8,-0.02,-0.15,0.59
170816,101991.57,2.16,1.74,8.91,0.8,-0.02,-0.15,0.59
170916,101993.77,2.15,1.70,8.97,0.8,-0.02,-0.15,0.59
170966,101998.24,2.14,1.64,9.10,0.8,-0.02,-0.15,0.59
171016,101998.24,2.23,1.67,9.14,0.8,-0.02,-0.15,0.59
171066,102000.48,2.19,1.69,9.07,0.8,-0.02,-0.15,0.59
171166,102000.48,2.09,1.76,8.94,0.8,-0.02,-0.15,0.59
171216,102000.48,2.15,1.69,9.10,0.8,-0.02,-0.15,0.59
171266,102001.63,2.15,1.63,9.08,0.8,-0.02,-0.15,0.59
171316,102004.96,2.28,1.64,9.21,0.8,-0.02,-0.15,0.59
171416,102001.63,2.07,1.70,8.95,0.8,-0.02,-0.15,0.59
171466,102008.35,1.96,1.64,8.95,0.8,-0.02,-0.15,0.59
171516,102008.35,2.02,1.60,8.97,0.8,-0.02,-0.15,0.59
171566,102006.11,2.16,1.59,9.04,0.8,-0.01,-0.15,0.59
171666,102008.35,2.25,1.64,9.04,0.8,-0.01,-0.15,0.59
171716,102011.68,2.12,1.66,9.17,0.8,-0.01,-0.15,0.59
171766,102007.20,1.98,1.60,9.05,0.8,-0.01,-0.15,0.59
171816,102010.59,1.99,1.61,9.14,0.8,-0.01,-0.14,0.59
171956,102017.26,2.04,1.63,8.95,0.8,-0.01,-0.14,0.59
172005,102016.21,2.03,1.54,9.00,0.8,-0.01,-0.14,0.59
172055,102018.40,2.03,1.52,8.90,0.8,-0.01,-0.14,0.59
172105,102023.98,2.07,1.47,9.18,0.8,-0.01,-0.14,0.59
172205,102020.64,2.07,1.58,9.04,0.8,-0.01,-0.14,0.59
172255,102022.88,2.08,1.57,9.05,0.79,-0.01,-0.14,0.59
172305,102029.60,2.06,1.60,9.08,0.79,-0.01,-0.14,0.59
172355,102026.27,2.01,1.61,9.14,0.79,-0.01,-0.14,0.59
172455,102029.60,2.07,1.66,9.14,0.79,-0.01,-0.14,0.59
172505,102023.98,2.11,1.68,9.05,0.79,-0.01,-0.14,0.59
172555,102031.84,2.00,1.72,8.95,0.79,-0.01,-0.14,0.59
172605,102027.31,2.02,1.63,8.99,0.79,-0.01,-0.14,0.59
172705,102032.94,2.06,1.68,9.16,0.79,-0.01,-0.14,0.59
172755,102036.27,2.13,1.60,9.07,0.79,-0.01,-0.14,0.59
172805,102022.88,2.11,1.53,9.14,0.79,-0.01,-0.14,0.59
172855,102029.60,2.00,1.49,9.05,0.79,-0.01,-0.14,0.59
172955,102034.08,1.94,1.57,8.88,0.79,-0.01,-0.14,0.59
173005,102035.18,1.92,1.56,8.88,0.79,-0.01,-0.14,0.59
173055,102040.75,1.96,1.55,8.94,0.8,-0.01,-0.14,0.59
173105,102040.80,1.88,1.52,8.89,0.8,-0.01,-0.14,0.59
173205,102040.75,2.06,1.72,9.24,0.8,-0.01,-0.15,0.59
173258,102038.56,2.31,1.73,9.44,0.8,-0.01,-0.15,0.59
173305,102048.62,2.44,1.63,9.47,0.8,-0.0,-0.15,0.59
173355,102041.90,2.40,1.53,9.32,0.8,-0.01,-0.15,0.59
173458,102041.90,1.92,1.66,8.86,0.79,-0.01,-0.14,0.59
173505,102046.33,1.84,1.67,8.85,0.79,-0.01,-0.14,0.59
173555,102045.28,2.00,1.65,8.82,0.79,-0.01,-0.14,0.59
173607,102046.38,1.98,1.75,8.74,0.79,-0.01,-0.14,0.59
173705,102046.38,2.01,1.67,9.01,0.79,-0.01,-0.14,0.59
173755,102045.23,2.10,1.62,9.14,0.79,-0.01,-0.14,0.59
173806,102053.10,2.06,1.60,9.13,0.79,-0.01,-0.15,0.59
173856,102047.52,2.24,1.69,9.17,0.8,-0.01,-0.15,0.59
173958,102046.38,2.21,1.73,9.05,0.79,-0.01,-0.15,0.59
174007,102053.10,2.29,1.72,9.11,0.79,-0.01,-0.15,0.59
174058,102055.34,2.27,1.65,9.04,0.8,-0.01,-0.15,0.59
174108,102049.76,2.20,1.62,9.02,0.8,-0.01,-0.15,0.59
174208,102060.91,2.14,1.70,8.91,0.8,-0.01,-0.15,0.59
174258,102059.77,2.16,1.67,8.86,0.8,-0.01,-0.15,0.59
174308,102062.06,2.12,1.64,9.01,0.8,-0.01,-0.15,0.59
174358,102057.53,2.14,1.65,9.03,0.8,-0.01,-0.15,0.59
174458,102063.20,2.15,1.65,9.03,0.8,-0.01,-0.15,0.59
174508,102057.58,2.17,1.58,9.08,0.8,-0.01,-0.15,0.59
174558,102067.63,2.19,1.59,9.20,0.8,-0.01,-0.15,0.59
174608,102062.06,2.22,1.64,9.07,0.8,-0.01,-0.15,0.59
174708,102062.06,2.14,1.72,9.00,0.8,-0.01,-0.15,0.59
174758,102063.15,2.14,1.65,9.06,0.8,-0.01,-0.15,0.59
174808,102065.44,2.15,1.60,9.07,0.8,-0.01,-0.15,0.59
174858,102072.11,2.14,1.57,9.08,0.8,-0.01,-0.15,0.59
174958,102066.53,2.18,1.65,8.95,0.8,-0.01,-0.15,0.59
175008,102068.77,2.13,1.66,9.00,0.8,-0.01,-0.15,0.59
175058,102067.68,2.11,1.60,9.03,0.8,-0.01,-0.15,0.59
175108,102074.35,2.16,1.67,9.02,0.8,-0.01,-0.15,0.59
175208,102074.35,2.17,1.66,8.98,0.79,-0.01,-0.15,0.59
175258,102073.25,2.27,1.71,9.05,0.79,-0.01,-0.15,0.59
175308,102073.25,2.20,1.71,8.99,0.79,-0.01,-0.15,0.59
175358,102068.82,2.07,1.67,8.97,0.79,-0.01,-0.15,0.59
175458,102085.55,2.13,1.71,8.98,0.79,-0.01,-0.15,0.59
175508,102070.97,2.17,1.67,9.08,0.79,-0.01,-0.15,0.59
175558,102074.35,2.13,1.69,9.20,0.79,-0.01,-0.15,0.59
175608,102074.35,2.14,1.75,9.39,0.8,-0.01,-0.15,0.59
175708,102073.25,2.36,1.56,9.48,0.8,-0.01,-0.15,0.59
175758,102075.49,2.18,1.68,8.92,0.8,-0.02,-0.15,0.59
175808,102081.07,2.04,1.68,9.05,0.8,-0.02,-0.15,0.59
175858,102081.11,1.94,1.81,8.72,0.79,-0.02,-0.15,0.59
176004,102086.69,1.62,1.91,8.74,0.79,-0.02,-0.14,0.59
176055,102084.45,1.91,1.77,9.09,0.79,-0.02,-0.14,0.59
176102,102083.31,2.02,1.71,9.23,0.79,-0.02,-0.13,0.6
176153,102084.45,2.08,1.79,9.03,0.79,-0.02,-0.13,0.6
176253,102085.55,1.99,1.87,8.97,0.79,-0.02,-0.13,0.6
176302,102088.89,1.89,1.76,8.99,0.79,-0.02,-0.13,0.6
176352,102083.35,1.80,1.64,9.09,0.79,-0.02,-0.13,0.6
176402,102083.31,1.71,1.48,9.13,0.79,-0.02,-0.13,0.6
176504,102090.03,2.05,1.61,9.15,0.79,-0.01,-0.14,0.59
176555,102090.03,2.01,1.59,9.12,0.79,-0.01,-0.14,0.59
176604,102094.51,1.98,1.64,9.10,0.79,-0.01,-0.14,0.59
176655,102095.61,1.91,1.64,8.94,0.79,-0.01,-0.14,0.59
176755,102095.65,1.92,1.54,8.99,0.8,-0.01,-0.14,0.59
176805,102090.07,1.90,1.56,9.09,0.8,-0.01,-0.14,0.59
176855,102100.04,1.97,1.72,9.03,0.8,-0.01,-0.14,0.59
176905,102092.23,2.09,1.74,9.05,0.8,-0.01,-0.14,0.59
177005,102096.75,2.40,1.59,9.21,0.8,-0.01,-0.15,0.59
177055,102109.05,2.26,1.59,9.21,0.8,-0.01,-0.15,0.59
177105,102102.33,2.11,1.56,9.01,0.8,-0.01,-0.14,0.59
177155,102111.29,1.99,1.58,9.08,0.8,-0.01,-0.14,0.59
177255,102110.19,2.12,1.58,9.19,0.8,-0.01,-0.15,0.59
177305,102103.43,2.24,1.53,9.30,0.8,-0.01,-0.15,0.59
177355,102111.29,2.26,1.51,9.46,0.8,-0.01,-0.15,0.59
177405,102109.05,2.22,1.49,9.41,0.8,-0.01,-0.15,0.59
177505,102109.05,2.17,1.54,9.52,0.8,-0.0,-0.14,0.59
177555,102119.10,2.29,1.51,9.56,0.8,-0.0,-0.14,0.59
177605,102121.34,2.33,1.53,9.54,0.8,-0.0,-0.14,0.59
177655,102115.76,2.39,1.63,9.72,0.8,-0.0,-0.14,0.59
177755,102110.14,2.39,1.64,9.56,0.8,-0.01,-0.15,0.59
177805,102112.38,2.37,1.61,9.60,0.8,-0.01,-0.15,0.59
177855,102116.91,2.36,1.65,9.64,0.8,-0.01,-0.15,0.59
177905,102121.34,2.35,1.76,9.61,0.8,-0.01,-0.15,0.59
178005,102115.76,2.44,1.69,9.80,0.8,-0.01,-0.15,0.59
178055,102120.29,2.40,1.69,9.65,0.8,-0.01,-0.15,0.59
178105,102122.48,2.30,1.69,9.53,0.8,-0.01,-0.15,0.59
178155,102125.86,2.30,1.72,9.56,0.8,-0.01,-0.15,0.59
178255,102125.86,2.27,1.68,9.75,0.8,-0.01,-0.15,0.59
178305,102125.86,2.36,1.73,9.71,0.8,-0.01,-0.15,0.59
178355,102128.06,2.36,1.68,9.75,0.8,-0.01,-0.15,0.59
178405,102121.38,2.36,1.64,9.75,0.8,-0.01,-0.15,0.59
178505,102124.72,2.30,1.68,9.58,0.8,-0.01,-0.15,0.59
178555,102130.34,2.12,1.71,9.39,0.8,-0.01,-0.15,0.59
178605,102131.44,2.16,1.72,9.60,0.8,-0.01,-0.14,0.59
178655,102130.34,2.17,1.73,9.60,0.8,-0.01,-0.15,0.59
178755,102132.58,2.17,1.84,9.59,0.8,-0.01,-0.15,0.59
178805,102133.68,2.17,1.83,9.65,0.8,-0.01,-0.15,0.59
178855,102129.25,2.30,1.75,9.72,0.8,-0.01,-0.15,0.59
178905,102131.44,2.49,1.69,9.85,0.8,-0.01,-0.15,0.59
179005,102132.58,2.51,1.71,9.76,0.8,-0.01,-0.15,0.59
179055,102139.30,2.41,1.78,9.64,0.8,-0.01,-0.15,0.59
179105,102140.40,2.32,1.72,9.57,0.8,-0.01,-0.15,0.59
179155,102139.30,2.32,1.66,9.54,0.8,-0.01,-0.15,0.59
179255,102142.64,2.41,1.70,9.61,0.8,-0.01,-0.15,0.59
179305,102134.82,2.28,1.69,9.56,0.8,-0.01,-0.15,0.59
179355,102142.69,2.17,1.69,9.42,0.8,-0.01,-0.15,0.59
179405,102137.06,2.22,1.67,9.44,0.8,-0.01,-0.14,0.59
179505,102138.21,2.13,1.64,9.33,0.8,-0.01,-0.14,0.59
179555,102133.68,2.09,1.65,9.35,0.8,-0.01,-0.14,0.59
179604,102137.06,2.12,1.65,9.29,0.8,-0.01,-0.14,0.59
179654,102135.97,2.13,1.67,9.27,0.8,-0.01,-0.14,0.59
179754,102141.54,2.09,1.65,9.28,0.8,-0.01,-0.14,0.59
179804,102134.87,1.97,1.67,9.12,0.8,-0.01,-0.14,0.59
179854,102141.50,2.03,1.68,9.14,0.8,-0.01,-0.14,0.59
179904,102139.30,2.07,1.65,9.23,0.8,-0.01,-0.14,0.59
180044,102138.21,2.15,1.63,9.38,0.8,-0.01,-0.14,0.59
180094,102138.16,2.03,1.57,9.23,0.8,-0.01,-0.14,0.59
180144,102146.02,2.06,1.59,9.22,0.8,-0.01,-0.14,0.59
180194,102133.68,2.00,1.67,9.06,0.8,-0.01,-0.14,0.59
180294,102134.82,2.10,1.71,9.07,0.8,-0.01,-0.14,0.59
180344,102140.45,2.14,1.68,9.15,0.8,-0.01,-0.14,0.59
180394,102140.45,2.05,1.69,9.15,0.8,-0.01,-0.14,0.59
180444,102141.50,2.14,1.74,9.17,0.8,-0.01,-0.14,0.59
180544,102139.30,2.16,1.69,9.25,0.8,-0.01,-0.14,0.59
180594,102133.73,2.09,1.74,9.10,0.8,-0.01,-0.14,0.59
180644,102137.06,2.10,1.70,9.30,0.8,-0.01,-0.14,0.59
180694,102140.40,2.15,1.65,9.17,0.8,-0.01,-0.14,0.59
180794,102131.53,1.80,1.69,8.87,0.8,-0.01,-0.14,0.59
180844,102139.30,1.83,1.63,8.93,0.8,-0.02,-0.13,0.59
180894,102135.92,1.80,1.64,8.82,0.8,-0.02,-0.13,0.59
180944,102138.16,1.78,1.65,8.81,0.8,-0.02,-0.13,0.59